#
# There is insufficient memory for the Java Runtime Environment to continue.
# Native memory allocation (mmap) failed to map 137363456 bytes for committing reserved memory.
# Possible reasons:
#   The system is out of physical RAM or swap space
#   In 32 bit mode, the process size limit was hit
# Possible solutions:
#   Reduce memory load on the system
#   Increase physical memory or swap space
#   Check if swap backing store is full
#   Use 64 bit Java on a 64 bit OS
#   Decrease Java heap size (-Xmx/-Xms)
#   Decrease number of Java threads
#   Decrease Java thread stack sizes (-Xss)
#   Set larger code cache with -XX:ReservedCodeCacheSize=
# This output file may be truncated or incomplete.
#
#  Out of Memory Error (os_linux.cpp:2743), pid=15858, tid=0x00007f97dfcfc700
#
# JRE version: Java(TM) SE Runtime Environment (8.0_191-b12) (build 1.8.0_191-b12)
# Java VM: Java HotSpot(TM) 64-Bit Server VM (25.191-b12 mixed mode linux-amd64 compressed oops)
# Failed to write core dump. Core dumps have been disabled. To enable core dumping, try "ulimit -c unlimited" before starting Java again
#

---------------  T H R E A D  ---------------

Current thread (0x00007f97f8079800):  VMThread [stack: 0x00007f97dfbfd000,0x00007f97dfcfd000] [id=15881]

Stack: [0x00007f97dfbfd000,0x00007f97dfcfd000],  sp=0x00007f97dfcfb400,  free space=1017k
Native frames: (J=compiled Java code, j=interpreted, Vv=VM code, C=native code)
V  [libjvm.so+0xace425]  VMError::report_and_die()+0x2c5
V  [libjvm.so+0x4deb77]  report_vm_out_of_memory(char const*, int, unsigned long, VMErrorType, char const*)+0x67
V  [libjvm.so+0x90c570]  os::pd_commit_memory(char*, unsigned long, unsigned long, bool)+0x100
V  [libjvm.so+0x903eaf]  os::commit_memory(char*, unsigned long, unsigned long, bool)+0x1f
V  [libjvm.so+0x988346]  PSVirtualSpace::expand_by(unsigned long)+0x56
V  [libjvm.so+0x9895d8]  PSYoungGen::resize(unsigned long, unsigned long)+0xd8
V  [libjvm.so+0x985d66]  PSScavenge::invoke_no_policy()+0x1356
V  [libjvm.so+0x97e7d9]  PSParallelCompact::invoke(bool)+0x49
V  [libjvm.so+0x45c113]  CollectedHeap::collect_as_vm_thread(GCCause::Cause)+0x153
V  [libjvm.so+0xacf4b1]  VM_CollectForMetadataAllocation::doit()+0x161
V  [libjvm.so+0xad50f6]  VM_Operation::evaluate()+0x46
V  [libjvm.so+0xad347d]  VMThread::evaluate_operation(VM_Operation*) [clone .constprop.44]+0xcd
V  [libjvm.so+0xad3a3b]  VMThread::loop()+0x37b
V  [libjvm.so+0xad3de8]  VMThread::run()+0x78
V  [libjvm.so+0x909c92]  java_start(Thread*)+0x102

VM_Operation (0x00007f97fe2ab100): CollectForMetadataAllocation, mode: safepoint, requested by thread 0x00007f97f800b800


---------------  P R O C E S S  ---------------

Java Threads: ( => current thread )
  0x00007f97b8001000 JavaThread "Attach Listener" daemon [_thread_blocked, id=15891, stack(0x00007f97ded80000,0x00007f97dee81000)]
  0x00007f97f80ca000 JavaThread "Service Thread" daemon [_thread_blocked, id=15888, stack(0x00007f97df215000,0x00007f97df316000)]
  0x00007f97f80be800 JavaThread "C1 CompilerThread2" daemon [_thread_blocked, id=15887, stack(0x00007f97df317000,0x00007f97df417000)]
  0x00007f97f80bd000 JavaThread "C2 CompilerThread1" daemon [_thread_blocked, id=15886, stack(0x00007f97df418000,0x00007f97df518000)]
  0x00007f97f80ba000 JavaThread "C2 CompilerThread0" daemon [_thread_blocked, id=15885, stack(0x00007f97df519000,0x00007f97df619000)]
  0x00007f97f80b8800 JavaThread "Signal Dispatcher" daemon [_thread_blocked, id=15884, stack(0x00007f97df619000,0x00007f97df71a000)]
  0x00007f97f8085800 JavaThread "Finalizer" daemon [_thread_blocked, id=15883, stack(0x00007f97df9fa000,0x00007f97dfafb000)]
  0x00007f97f8083000 JavaThread "Reference Handler" daemon [_thread_blocked, id=15882, stack(0x00007f97dfafb000,0x00007f97dfbfc000)]
  0x00007f97f800b800 JavaThread "main" [_thread_blocked, id=15876, stack(0x00007f97fe1b1000,0x00007f97fe2b1000)]

Other Threads:
=>0x00007f97f8079800 VMThread [stack: 0x00007f97dfbfd000,0x00007f97dfcfd000] [id=15881]
  0x00007f97f80ce800 WatcherThread [stack: 0x00007f97df115000,0x00007f97df215000] [id=15889]

VM state:at safepoint (normal execution)

VM Mutex/Monitor currently owned by a thread:  ([mutex/lock_event])
[0x00007f97f8007db0] Threads_lock - owner thread: 0x00007f97f8079800
[0x00007f97f80082b0] Heap_lock - owner thread: 0x00007f97f800b800

Heap:
 PSYoungGen      total 137216K, used 12288K [0x00000000ebf00000, 0x00000000f5300000, 0x0000000100000000)
  eden space 124928K, 0% used [0x00000000ebf00000,0x00000000ebf00000,0x00000000f3900000)
  from space 12288K, 100% used [0x00000000f3900000,0x00000000f4500000,0x00000000f4500000)
  to   space 10240K, 0% used [0x00000000f4500000,0x00000000f4500000,0x00000000f4f00000)
 ParOldGen       total 42496K, used 22482K [0x00000000c3c00000, 0x00000000c6580000, 0x00000000ebf00000)
  object space 42496K, 52% used [0x00000000c3c00000,0x00000000c51f48e0,0x00000000c6580000)
 Metaspace       used 20584K, capacity 21136K, committed 21248K, reserved 1069056K
  class space    used 2386K, capacity 2537K, committed 2560K, reserved 1048576K

Card table byte_map: [0x00007f97e7bc1000,0x00007f97e7da4000] byte_map_base: 0x00007f97e75a3000

Marking Bits: (ParMarkBitMap*) 0x00007f97fd65dd40
 Begin Bits: [0x00007f97e585b000, 0x00007f97e676b000)
 End Bits:   [0x00007f97e676b000, 0x00007f97e767b000)

Polling page: 0x00007f97fe2cd000

CodeCache: size=245760Kb used=12614Kb max_used=12822Kb free=233145Kb
 bounds [0x00007f97e8164000, 0x00007f97e8e04000, 0x00007f97f7164000]
 total_blobs=3887 nmethods=3522 adapters=277
 compilation: enabled

Compilation events (10 events):
Event: 52,530 Thread 0x00007f97f80be800 3872       3       sun.security.util.ObjectIdentifier::checkOtherComponent (39 bytes)
Event: 52,531 Thread 0x00007f97f80be800 nmethod 3872 0x00007f97e8495f90 code [0x00007f97e8496180, 0x00007f97e8496aa8]
Event: 52,586 Thread 0x00007f97f80be800 3873  s    3       java.io.ByteArrayInputStream::read (36 bytes)
Event: 52,587 Thread 0x00007f97f80be800 nmethod 3873 0x00007f97e82d4d10 code [0x00007f97e82d4e80, 0x00007f97e82d51d0]
Event: 52,746 Thread 0x00007f97f80ba000 3874       4       java.io.ByteArrayOutputStream::ensureCapacity (16 bytes)
Event: 52,749 Thread 0x00007f97f80ba000 nmethod 3874 0x00007f97e8432890 code [0x00007f97e84329e0, 0x00007f97e8432a88]
Event: 52,750 Thread 0x00007f97f80bd000 3875  s    4       java.io.ByteArrayOutputStream::write (32 bytes)
Event: 52,759 Thread 0x00007f97f80bd000 nmethod 3875 0x00007f97e8290bd0 code [0x00007f97e8290d20, 0x00007f97e82910c8]
Event: 53,008 Thread 0x00007f97f80be800 3876       3       sun.security.util.ObjectIdentifier::pack (219 bytes)
Event: 53,010 Thread 0x00007f97f80be800 nmethod 3876 0x00007f97e82ddb50 code [0x00007f97e82ddd00, 0x00007f97e82de348]

GC Heap History (10 events):
Event: 20,123 GC heap after
Heap after GC invocations=2 (full 0):
 PSYoungGen      total 34304K, used 2536K [0x00000000ebf00000, 0x00000000ee300000, 0x0000000100000000)
  eden space 31744K, 0% used [0x00000000ebf00000,0x00000000ebf00000,0x00000000ede00000)
  from space 2560K, 99% used [0x00000000ee080000,0x00000000ee2fa148,0x00000000ee300000)
  to   space 2560K, 0% used [0x00000000ede00000,0x00000000ede00000,0x00000000ee080000)
 ParOldGen       total 42496K, used 1262K [0x00000000c3c00000, 0x00000000c6580000, 0x00000000ebf00000)
  object space 42496K, 2% used [0x00000000c3c00000,0x00000000c3d3ba08,0x00000000c6580000)
 Metaspace       used 8074K, capacity 8188K, committed 8320K, reserved 1056768K
  class space    used 998K, capacity 1048K, committed 1152K, reserved 1048576K
}
Event: 23,919 GC heap before
{Heap before GC invocations=3 (full 0):
 PSYoungGen      total 34304K, used 34280K [0x00000000ebf00000, 0x00000000ee300000, 0x0000000100000000)
  eden space 31744K, 100% used [0x00000000ebf00000,0x00000000ede00000,0x00000000ede00000)
  from space 2560K, 99% used [0x00000000ee080000,0x00000000ee2fa148,0x00000000ee300000)
  to   space 2560K, 0% used [0x00000000ede00000,0x00000000ede00000,0x00000000ee080000)
 ParOldGen       total 42496K, used 1262K [0x00000000c3c00000, 0x00000000c6580000, 0x00000000ebf00000)
  object space 42496K, 2% used [0x00000000c3c00000,0x00000000c3d3ba08,0x00000000c6580000)
 Metaspace       used 11902K, capacity 12104K, committed 12416K, reserved 1060864K
  class space    used 1495K, capacity 1604K, committed 1664K, reserved 1048576K
Event: 23,945 GC heap after
Heap after GC invocations=3 (full 0):
 PSYoungGen      total 34304K, used 2528K [0x00000000ebf00000, 0x00000000f0200000, 0x0000000100000000)
  eden space 31744K, 0% used [0x00000000ebf00000,0x00000000ebf00000,0x00000000ede00000)
  from space 2560K, 98% used [0x00000000ede00000,0x00000000ee078020,0x00000000ee080000)
  to   space 2560K, 0% used [0x00000000eff80000,0x00000000eff80000,0x00000000f0200000)
 ParOldGen       total 42496K, used 5829K [0x00000000c3c00000, 0x00000000c6580000, 0x00000000ebf00000)
  object space 42496K, 13% used [0x00000000c3c00000,0x00000000c41b1778,0x00000000c6580000)
 Metaspace       used 11902K, capacity 12104K, committed 12416K, reserved 1060864K
  class space    used 1495K, capacity 1604K, committed 1664K, reserved 1048576K
}
Event: 26,610 GC heap before
{Heap before GC invocations=4 (full 0):
 PSYoungGen      total 34304K, used 34272K [0x00000000ebf00000, 0x00000000f0200000, 0x0000000100000000)
  eden space 31744K, 100% used [0x00000000ebf00000,0x00000000ede00000,0x00000000ede00000)
  from space 2560K, 98% used [0x00000000ede00000,0x00000000ee078020,0x00000000ee080000)
  to   space 2560K, 0% used [0x00000000eff80000,0x00000000eff80000,0x00000000f0200000)
 ParOldGen       total 42496K, used 5829K [0x00000000c3c00000, 0x00000000c6580000, 0x00000000ebf00000)
  object space 42496K, 13% used [0x00000000c3c00000,0x00000000c41b1778,0x00000000c6580000)
 Metaspace       used 14715K, capacity 14890K, committed 15232K, reserved 1062912K
  class space    used 1830K, capacity 1904K, committed 1920K, reserved 1048576K
Event: 26,639 GC heap after
Heap after GC invocations=4 (full 0):
 PSYoungGen      total 66048K, used 2544K [0x00000000ebf00000, 0x00000000f0200000, 0x0000000100000000)
  eden space 63488K, 0% used [0x00000000ebf00000,0x00000000ebf00000,0x00000000efd00000)
  from space 2560K, 99% used [0x00000000eff80000,0x00000000f01fc010,0x00000000f0200000)
  to   space 2560K, 0% used [0x00000000efd00000,0x00000000efd00000,0x00000000eff80000)
 ParOldGen       total 42496K, used 8333K [0x00000000c3c00000, 0x00000000c6580000, 0x00000000ebf00000)
  object space 42496K, 19% used [0x00000000c3c00000,0x00000000c4423548,0x00000000c6580000)
 Metaspace       used 14715K, capacity 14890K, committed 15232K, reserved 1062912K
  class space    used 1830K, capacity 1904K, committed 1920K, reserved 1048576K
}
Event: 29,286 GC heap before
{Heap before GC invocations=5 (full 0):
 PSYoungGen      total 66048K, used 66032K [0x00000000ebf00000, 0x00000000f0200000, 0x0000000100000000)
  eden space 63488K, 100% used [0x00000000ebf00000,0x00000000efd00000,0x00000000efd00000)
  from space 2560K, 99% used [0x00000000eff80000,0x00000000f01fc010,0x00000000f0200000)
  to   space 2560K, 0% used [0x00000000efd00000,0x00000000efd00000,0x00000000eff80000)
 ParOldGen       total 42496K, used 8333K [0x00000000c3c00000, 0x00000000c6580000, 0x00000000ebf00000)
  object space 42496K, 19% used [0x00000000c3c00000,0x00000000c4423548,0x00000000c6580000)
 Metaspace       used 16714K, capacity 17064K, committed 17280K, reserved 1064960K
  class space    used 2005K, capacity 2108K, committed 2176K, reserved 1048576K
Event: 29,303 GC heap after
Heap after GC invocations=5 (full 0):
 PSYoungGen      total 66048K, used 2544K [0x00000000ebf00000, 0x00000000f4f00000, 0x0000000100000000)
  eden space 63488K, 0% used [0x00000000ebf00000,0x00000000ebf00000,0x00000000efd00000)
  from space 2560K, 99% used [0x00000000efd00000,0x00000000eff7c030,0x00000000eff80000)
  to   space 10240K, 0% used [0x00000000f4500000,0x00000000f4500000,0x00000000f4f00000)
 ParOldGen       total 42496K, used 15624K [0x00000000c3c00000, 0x00000000c6580000, 0x00000000ebf00000)
  object space 42496K, 36% used [0x00000000c3c00000,0x00000000c4b42298,0x00000000c6580000)
 Metaspace       used 16714K, capacity 17064K, committed 17280K, reserved 1064960K
  class space    used 2005K, capacity 2108K, committed 2176K, reserved 1048576K
}
Event: 33,895 GC heap before
{Heap before GC invocations=6 (full 0):
 PSYoungGen      total 66048K, used 66032K [0x00000000ebf00000, 0x00000000f4f00000, 0x0000000100000000)
  eden space 63488K, 100% used [0x00000000ebf00000,0x00000000efd00000,0x00000000efd00000)
  from space 2560K, 99% used [0x00000000efd00000,0x00000000eff7c030,0x00000000eff80000)
  to   space 10240K, 0% used [0x00000000f4500000,0x00000000f4500000,0x00000000f4f00000)
 ParOldGen       total 42496K, used 15624K [0x00000000c3c00000, 0x00000000c6580000, 0x00000000ebf00000)
  object space 42496K, 36% used [0x00000000c3c00000,0x00000000c4b42298,0x00000000c6580000)
 Metaspace       used 17039K, capacity 17360K, committed 17536K, reserved 1064960K
  class space    used 2025K, capacity 2143K, committed 2176K, reserved 1048576K
Event: 33,925 GC heap after
Heap after GC invocations=6 (full 0):
 PSYoungGen      total 135168K, used 10211K [0x00000000ebf00000, 0x00000000f5300000, 0x0000000100000000)
  eden space 124928K, 0% used [0x00000000ebf00000,0x00000000ebf00000,0x00000000f3900000)
  from space 10240K, 99% used [0x00000000f4500000,0x00000000f4ef8da0,0x00000000f4f00000)
  to   space 12288K, 0% used [0x00000000f3900000,0x00000000f3900000,0x00000000f4500000)
 ParOldGen       total 42496K, used 15632K [0x00000000c3c00000, 0x00000000c6580000, 0x00000000ebf00000)
  object space 42496K, 36% used [0x00000000c3c00000,0x00000000c4b44298,0x00000000c6580000)
 Metaspace       used 17039K, capacity 17360K, committed 17536K, reserved 1064960K
  class space    used 2025K, capacity 2143K, committed 2176K, reserved 1048576K
}
Event: 53,013 GC heap before
{Heap before GC invocations=7 (full 0):
 PSYoungGen      total 135168K, used 130262K [0x00000000ebf00000, 0x00000000f5300000, 0x0000000100000000)
  eden space 124928K, 96% used [0x00000000ebf00000,0x00000000f343cac0,0x00000000f3900000)
  from space 10240K, 99% used [0x00000000f4500000,0x00000000f4ef8da0,0x00000000f4f00000)
  to   space 12288K, 0% used [0x00000000f3900000,0x00000000f3900000,0x00000000f4500000)
 ParOldGen       total 42496K, used 15632K [0x00000000c3c00000, 0x00000000c6580000, 0x00000000ebf00000)
  object space 42496K, 36% used [0x00000000c3c00000,0x00000000c4b44298,0x00000000c6580000)
 Metaspace       used 20584K, capacity 21136K, committed 21248K, reserved 1069056K
  class space    used 2386K, capacity 2537K, committed 2560K, reserved 1048576K

Deoptimization events (10 events):
Event: 35,740 Thread 0x00007f97f800b800 Uncommon trap: reason=unstable_if action=reinterpret pc=0x00007f97e850fd58 method=org.eclipse.aether.artifact.DefaultArtifact.<init>(Ljava/lang/String;Ljava/lang/String;Ljava/lang/String;Ljava/lang/String;Ljava/lang/String;Ljava/util/Map;Lorg/eclipse/aeth
Event: 37,163 Thread 0x00007f97f800b800 Uncommon trap: reason=unstable_if action=reinterpret pc=0x00007f97e8ba7f5c method=org.codehaus.plexus.util.StringUtils.isNotEmpty(Ljava/lang/String;)Z @ 8
Event: 37,211 Thread 0x00007f97f800b800 Uncommon trap: reason=class_check action=maybe_recompile pc=0x00007f97e8cab104 method=org.eclipse.sisu.wire.EntryListAdapter$ValueIterator.hasNext()Z @ 4
Event: 37,912 Thread 0x00007f97f800b800 Uncommon trap: reason=unstable_if action=reinterpret pc=0x00007f97e87c68c0 method=sun.net.www.protocol.jar.Handler.parseURL(Ljava/net/URL;Ljava/lang/String;II)V @ 94
Event: 38,626 Thread 0x00007f97f800b800 Uncommon trap: reason=unstable_if action=reinterpret pc=0x00007f97e8a2cefc method=com.google.inject.internal.InjectorImpl.callInContext(Lcom/google/inject/internal/ContextualCallable;)Ljava/lang/Object; @ 161
Event: 48,926 Thread 0x00007f97f800b800 Uncommon trap: reason=unstable_if action=reinterpret pc=0x00007f97e899dc64 method=java.util.regex.Pattern$GroupTail.match(Ljava/util/regex/Matcher;ILjava/lang/CharSequence;)Z @ 13
Event: 50,828 Thread 0x00007f97f800b800 Uncommon trap: reason=unstable_if action=reinterpret pc=0x00007f97e8cbcd4c method=java.util.Properties$LineReader.readLine()I @ 206
Event: 50,829 Thread 0x00007f97f800b800 Uncommon trap: reason=unstable_if action=reinterpret pc=0x00007f97e8c1f4e0 method=java.util.Properties$LineReader.readLine()I @ 206
Event: 52,103 Thread 0x00007f97f800b800 Uncommon trap: reason=unstable_if action=reinterpret pc=0x00007f97e88c7418 method=java.util.jar.JarFile.maybeInstantiateVerifier()V @ 75
Event: 52,745 Thread 0x00007f97f800b800 Uncommon trap: reason=unstable_if action=reinterpret pc=0x00007f97e86dc10c method=java.util.HashMap.putVal(ILjava/lang/Object;Ljava/lang/Object;ZZ)Ljava/lang/Object; @ 236

Classes redefined (0 events):
No events

Internal exceptions (10 events):
Event: 27,456 Thread 0x00007f97f800b800 Implicit null exception at 0x00007f97e889341c to 0x00007f97e8893da9
Event: 28,745 Thread 0x00007f97f800b800 Implicit null exception at 0x00007f97e8a1229e to 0x00007f97e8a12c25
Event: 33,960 Thread 0x00007f97f800b800 Implicit null exception at 0x00007f97e85278f5 to 0x00007f97e8527ad9
Event: 33,961 Thread 0x00007f97f800b800 Implicit null exception at 0x00007f97e899ae03 to 0x00007f97e899b039
Event: 33,961 Thread 0x00007f97f800b800 Implicit null exception at 0x00007f97e87ebcf7 to 0x00007f97e87ec1c9
Event: 33,961 Thread 0x00007f97f800b800 Implicit null exception at 0x00007f97e85c777b to 0x00007f97e85c7c11
Event: 34,283 Thread 0x00007f97f800b800 Implicit null exception at 0x00007f97e8b84e84 to 0x00007f97e8b8611d
Event: 38,626 Thread 0x00007f97f800b800 Implicit null exception at 0x00007f97e8a2bc37 to 0x00007f97e8a2cedd
Event: 45,345 Thread 0x00007f97f800b800 Exception <a 'java/lang/NoSuchFieldError': method resolution failed> (0x00000000f3043c98) thrown at [/HUDSON/workspace/8-2-build-linux-amd64/jdk8u191/11894/hotspot/src/share/vm/prims/methodHandles.cpp, line 1167]
Event: 45,347 Thread 0x00007f97f800b800 Exception <a 'java/lang/NoSuchFieldError': method resolution failed> (0x00000000f3051358) thrown at [/HUDSON/workspace/8-2-build-linux-amd64/jdk8u191/11894/hotspot/src/share/vm/prims/methodHandles.cpp, line 1167]

Events (10 events):
Event: 53,011 Thread 0x00007f97f80be800 flushing nmethod 0x00007f97e874fc90
Event: 53,011 Thread 0x00007f97f80be800 flushing nmethod 0x00007f97e875b390
Event: 53,011 Thread 0x00007f97f80be800 flushing nmethod 0x00007f97e875f090
Event: 53,011 Thread 0x00007f97f80be800 flushing nmethod 0x00007f97e8779a90
Event: 53,011 loading class sun/security/x509/NetscapeCertTypeExtension$MapEntry
Event: 53,011 loading class sun/security/x509/NetscapeCertTypeExtension$MapEntry done
Event: 53,011 Thread 0x00007f97f80be800 flushing nmethod 0x00007f97e879e110
Event: 53,012 Thread 0x00007f97f80be800 flushing nmethod 0x00007f97e87a5010
Event: 53,012 loading class sun/security/x509/KeyUsageExtension
Event: 53,013 Executing VM operation: CollectForMetadataAllocation


Dynamic libraries:
00400000-00401000 r-xp 00000000 08:02 17566922                           /usr/lib/jvm/java-8-oracle/bin/java
00600000-00601000 r--p 00000000 08:02 17566922                           /usr/lib/jvm/java-8-oracle/bin/java
00601000-00602000 rw-p 00001000 08:02 17566922                           /usr/lib/jvm/java-8-oracle/bin/java
00a31000-00a52000 rw-p 00000000 00:00 0                                  [heap]
c3c00000-c6580000 rw-p 00000000 00:00 0 
c6580000-ebf00000 ---p 00000000 00:00 0 
ebf00000-f5300000 rw-p 00000000 00:00 0 
fd600000-100000000 ---p 00000000 00:00 0 
100000000-100280000 rw-p 00000000 00:00 0 
100280000-140000000 ---p 00000000 00:00 0 
7f97a0000000-7f97a0021000 rw-p 00000000 00:00 0 
7f97a0021000-7f97a4000000 ---p 00000000 00:00 0 
7f97a8000000-7f97a8021000 rw-p 00000000 00:00 0 
7f97a8021000-7f97ac000000 ---p 00000000 00:00 0 
7f97ac000000-7f97ac021000 rw-p 00000000 00:00 0 
7f97ac021000-7f97b0000000 ---p 00000000 00:00 0 
7f97b0000000-7f97b18a2000 rw-p 00000000 00:00 0 
7f97b18a2000-7f97b4000000 ---p 00000000 00:00 0 
7f97b4000000-7f97b4731000 rw-p 00000000 00:00 0 
7f97b4731000-7f97b8000000 ---p 00000000 00:00 0 
7f97b8000000-7f97b8021000 rw-p 00000000 00:00 0 
7f97b8021000-7f97bc000000 ---p 00000000 00:00 0 
7f97bc000000-7f97bcf3d000 rw-p 00000000 00:00 0 
7f97bcf3d000-7f97c0000000 ---p 00000000 00:00 0 
7f97c0000000-7f97c0021000 rw-p 00000000 00:00 0 
7f97c0021000-7f97c4000000 ---p 00000000 00:00 0 
7f97c4000000-7f97c4021000 rw-p 00000000 00:00 0 
7f97c4021000-7f97c8000000 ---p 00000000 00:00 0 
7f97c8000000-7f97c8021000 rw-p 00000000 00:00 0 
7f97c8021000-7f97cc000000 ---p 00000000 00:00 0 
7f97cc000000-7f97cc29e000 rw-p 00000000 00:00 0 
7f97cc29e000-7f97d0000000 ---p 00000000 00:00 0 
7f97d0000000-7f97d0021000 rw-p 00000000 00:00 0 
7f97d0021000-7f97d4000000 ---p 00000000 00:00 0 
7f97d8000000-7f97d8021000 rw-p 00000000 00:00 0 
7f97d8021000-7f97dc000000 ---p 00000000 00:00 0 
7f97ddf1c000-7f97ddf23000 r--s 00000000 08:02 16517700                   /usr/lib/x86_64-linux-gnu/gconv/gconv-modules.cache
7f97ddf23000-7f97ddf49000 r--p 00000000 08:02 17042568                   /usr/share/locale-langpack/pt_BR/LC_MESSAGES/libc.mo
7f97ddf49000-7f97ddf89000 rw-p 00000000 00:00 0 
7f97ddf89000-7f97de149000 ---p 00000000 00:00 0 
7f97de149000-7f97de14b000 r--s 00009000 08:02 19140852                   /usr/lib/jvm/java-8-oracle/jre/lib/ext/sunec.jar
7f97de14b000-7f97de14f000 r--s 0003a000 08:02 19140859                   /usr/lib/jvm/java-8-oracle/jre/lib/ext/sunpkcs11.jar
7f97de14f000-7f97de152000 r--s 0001a000 08:02 18874827                   /usr/lib/jvm/java-8-oracle/jre/lib/jce.jar
7f97de152000-7f97de352000 rw-p 00000000 00:00 0 
7f97de352000-7f97de357000 r--s 00041000 08:02 12853209                   /home/maike/.m2/repository/commons-lang/commons-lang/2.6/commons-lang-2.6.jar
7f97de357000-7f97de557000 rw-p 00000000 00:00 0 
7f97de557000-7f97de568000 r-xp 00000000 08:02 19534880                   /usr/lib/jvm/java-8-oracle/jre/lib/amd64/libnio.so
7f97de568000-7f97de767000 ---p 00011000 08:02 19534880                   /usr/lib/jvm/java-8-oracle/jre/lib/amd64/libnio.so
7f97de767000-7f97de768000 r--p 00010000 08:02 19534880                   /usr/lib/jvm/java-8-oracle/jre/lib/amd64/libnio.so
7f97de768000-7f97de769000 rw-p 00011000 08:02 19534880                   /usr/lib/jvm/java-8-oracle/jre/lib/amd64/libnio.so
7f97de769000-7f97de77f000 r-xp 00000000 08:02 19534877                   /usr/lib/jvm/java-8-oracle/jre/lib/amd64/libnet.so
7f97de77f000-7f97de97e000 ---p 00016000 08:02 19534877                   /usr/lib/jvm/java-8-oracle/jre/lib/amd64/libnet.so
7f97de97e000-7f97de97f000 r--p 00015000 08:02 19534877                   /usr/lib/jvm/java-8-oracle/jre/lib/amd64/libnet.so
7f97de97f000-7f97de980000 rw-p 00016000 08:02 19534877                   /usr/lib/jvm/java-8-oracle/jre/lib/amd64/libnet.so
7f97de980000-7f97deb80000 rw-p 00000000 00:00 0 
7f97deb80000-7f97ded80000 rw-p 00000000 00:00 0 
7f97ded80000-7f97ded83000 ---p 00000000 00:00 0 
7f97ded83000-7f97dee81000 rw-p 00000000 00:00 0 
7f97dee81000-7f97dee8b000 r--s 00084000 08:02 12976375                   /home/maike/.m2/repository/org/sonarsource/scanner/api/sonar-scanner-api/2.10.0.1189/sonar-scanner-api-2.10.0.1189.jar
7f97dee8b000-7f97dee8f000 r--s 00038000 08:02 12586187                   /home/maike/.m2/repository/org/codehaus/plexus/plexus-utils/3.0.22/plexus-utils-3.0.22.jar
7f97dee8f000-7f97dee91000 r--s 00002000 08:02 12585404                   /home/maike/.m2/repository/org/sonatype/plexus/plexus-cipher/1.4/plexus-cipher-1.4.jar
7f97dee91000-7f97dee92000 r--s 00006000 08:02 12976373                   /home/maike/.m2/repository/org/sonatype/plexus/plexus-sec-dispatcher/1.4/plexus-sec-dispatcher-1.4.jar
7f97dee92000-7f97dee93000 r--s 0000a000 08:02 12976204                   /home/maike/.m2/repository/org/sonarsource/scanner/maven/sonar-maven-plugin/3.5.0.1254/sonar-maven-plugin-3.5.0.1254.jar
7f97dee93000-7f97dee9d000 r--s 00116000 08:02 19140861                   /usr/lib/jvm/java-8-oracle/jre/lib/ext/localedata.jar
7f97dee9d000-7f97deea2000 r--s 000a0000 08:02 18874821                   /usr/lib/jvm/java-8-oracle/jre/lib/jsse.jar
7f97deea2000-7f97df0a2000 rw-p 00000000 00:00 0 
7f97df0a2000-7f97df0a4000 r--s 00009000 08:02 16650931                   /usr/share/java/slf4j-api.jar
7f97df0a4000-7f97df0a8000 r--s 00022000 08:02 16650127                   /usr/share/java/maven-resolver-util.jar
7f97df0a8000-7f97df0ac000 r--s 0003b000 08:02 16648920                   /usr/share/java/plexus-utils2.jar
7f97df0ac000-7f97df0ad000 r--s 0000a000 08:02 16651102                   /usr/share/java/maven3-settings.jar
7f97df0ad000-7f97df0da000 r--s 001ce000 08:02 16651233                   /usr/share/java/wagon-http-shaded-3.0.0.jar
7f97df0da000-7f97df106000 r--s 00208000 08:02 16647456                   /usr/share/java/guava.jar
7f97df106000-7f97df114000 r--s 0009a000 08:02 16647468                   /usr/share/java/guice.jar
7f97df114000-7f97df115000 ---p 00000000 00:00 0 
7f97df115000-7f97df215000 rw-p 00000000 00:00 0 
7f97df215000-7f97df218000 ---p 00000000 00:00 0 
7f97df218000-7f97df316000 rw-p 00000000 00:00 0 
7f97df316000-7f97df317000 ---p 00000000 00:00 0 
7f97df317000-7f97df31a000 ---p 00000000 00:00 0 
7f97df31a000-7f97df417000 rw-p 00000000 00:00 0 
7f97df417000-7f97df418000 ---p 00000000 00:00 0 
7f97df418000-7f97df41b000 ---p 00000000 00:00 0 
7f97df41b000-7f97df518000 rw-p 00000000 00:00 0 
7f97df518000-7f97df519000 ---p 00000000 00:00 0 
7f97df519000-7f97df51c000 ---p 00000000 00:00 0 
7f97df51c000-7f97df619000 rw-p 00000000 00:00 0 
7f97df619000-7f97df61c000 ---p 00000000 00:00 0 
7f97df61c000-7f97df71a000 rw-p 00000000 00:00 0 
7f97df71a000-7f97df9fa000 r--p 00000000 08:02 16128078                   /usr/lib/locale/locale-archive
7f97df9fa000-7f97df9fd000 ---p 00000000 00:00 0 
7f97df9fd000-7f97dfafb000 rw-p 00000000 00:00 0 
7f97dfafb000-7f97dfafe000 ---p 00000000 00:00 0 
7f97dfafe000-7f97dfbfc000 rw-p 00000000 00:00 0 
7f97dfbfc000-7f97dfbfd000 ---p 00000000 00:00 0 
7f97dfbfd000-7f97e0000000 rw-p 00000000 00:00 0 
7f97e0000000-7f97e0021000 rw-p 00000000 00:00 0 
7f97e0021000-7f97e4000000 ---p 00000000 00:00 0 
7f97e4000000-7f97e4002000 r--s 0000a000 08:02 16647446                   /usr/share/java/commons-cli.jar
7f97e4002000-7f97e4006000 r--s 00023000 08:02 16650444                   /usr/share/java/maven-shared-utils.jar
7f97e4006000-7f97e4007000 r--s 00002000 08:02 16647452                   /usr/share/java/geronimo-annotation-1.3-spec.jar
7f97e4007000-7f97e4008000 r--s 00001000 08:02 16647442                   /usr/share/java/geronimo-interceptor-3.0-spec.jar
7f97e4008000-7f97e400a000 r--s 00012000 08:02 16648085                   /usr/share/java/el-api-3.0.jar
7f97e400a000-7f97e400b000 r--s 00000000 08:02 16647440                   /usr/share/java/atinject-jsr330-api-1.0.jar
7f97e400b000-7f97e400e000 r--s 0000e000 08:02 16647444                   /usr/share/java/cdi-api.jar
7f97e400e000-7f97e400f000 r--s 00006000 08:02 16651099                   /usr/share/java/maven3-repository-metadata.jar
7f97e400f000-7f97e4011000 r--s 0000b000 08:02 16648943                   /usr/share/java/wagon-provider-api.jar
7f97e4011000-7f97e4012000 r--s 00004000 08:02 16651103                   /usr/share/java/maven3-slf4j-provider.jar
7f97e4012000-7f97e4013000 r--s 00003000 08:02 16650624                   /usr/share/java/plexus-cipher.jar
7f97e4013000-7f97e4016000 r--s 00015000 08:02 16651080                   /usr/share/java/maven3-embedder.jar
7f97e4016000-7f97e4018000 r--s 0000a000 08:02 16651098                   /usr/share/java/maven3-plugin-api.jar
7f97e4018000-7f97e401a000 r--s 00003000 08:02 16650928                   /usr/share/java/jcl-over-slf4j.jar
7f97e401a000-7f97e401f000 r--s 00026000 08:02 16651090                   /usr/share/java/maven3-model-builder.jar
7f97e401f000-7f97e4021000 r--s 0000e000 08:02 16651100                   /usr/share/java/maven3-resolver-provider.jar
7f97e4021000-7f97e4025000 r--s 00028000 08:02 16650115                   /usr/share/java/maven-resolver-impl.jar
7f97e4025000-7f97e4027000 r--s 00008000 08:02 16649848                   /usr/share/java/maven-resolver-connector-basic.jar
7f97e4027000-7f97e402d000 r--s 0002d000 08:02 16650964                   /usr/share/java/sisu-plexus.jar
7f97e402d000-7f97e4034000 r--s 00054000 08:02 16650962                   /usr/share/java/sisu-inject.jar
7f97e4034000-7f97e4035000 r--s 00002000 08:02 16651057                   /usr/share/java/maven3-builder-support.jar
7f97e4035000-7f97e403a000 r--s 00030000 08:02 16647448                   /usr/share/java/commons-io.jar
7f97e403a000-7f97e403d000 r--s 00011000 08:02 16650900                   /usr/share/java/plexus-interpolation.jar
7f97e403d000-7f97e403f000 r--s 00001000 08:02 16647458                   /usr/share/java/aopalliance-1.0.jar
7f97e403f000-7f97e4041000 r--s 00005000 08:02 16650126                   /usr/share/java/maven-resolver-transport-wagon.jar
7f97e4041000-7f97e4043000 r--s 00000000 08:02 16650630                   /usr/share/java/plexus-component-annotations.jar
7f97e4043000-7f97e4044000 r--s 00000000 08:02 16647440                   /usr/share/java/atinject-jsr330-api-1.0.jar
7f97e4044000-7f97e4051000 r--s 0008d000 08:02 16651078                   /usr/share/java/maven3-core.jar
7f97e4051000-7f97e4c9f000 rw-p 00000000 00:00 0 
7f97e4c9f000-7f97e4e79000 r--s 03d6c000 08:02 18874816                   /usr/lib/jvm/java-8-oracle/jre/lib/rt.jar
7f97e4e79000-7f97e767b000 rw-p 00000000 00:00 0 
7f97e767b000-7f97e767c000 ---p 00000000 00:00 0 
7f97e767c000-7f97e777c000 rw-p 00000000 00:00 0 
7f97e777c000-7f97e777d000 ---p 00000000 00:00 0 
7f97e777d000-7f97e787d000 rw-p 00000000 00:00 0 
7f97e787d000-7f97e787e000 ---p 00000000 00:00 0 
7f97e787e000-7f97e797e000 rw-p 00000000 00:00 0 
7f97e797e000-7f97e797f000 ---p 00000000 00:00 0 
7f97e797f000-7f97e7a94000 rw-p 00000000 00:00 0 
7f97e7a94000-7f97e7bc1000 ---p 00000000 00:00 0 
7f97e7bc1000-7f97e7bd6000 rw-p 00000000 00:00 0 
7f97e7bd6000-7f97e7d02000 ---p 00000000 00:00 0 
7f97e7d02000-7f97e7d4d000 rw-p 00000000 00:00 0 
7f97e7d4d000-7f97e7da3000 ---p 00000000 00:00 0 
7f97e7da3000-7f97e7dd7000 rw-p 00000000 00:00 0 
7f97e7dd7000-7f97e8164000 ---p 00000000 00:00 0 
7f97e8164000-7f97e8e04000 rwxp 00000000 00:00 0 
7f97e8e04000-7f97f7164000 ---p 00000000 00:00 0 
7f97f7164000-7f97f717e000 r-xp 00000000 08:02 19534873                   /usr/lib/jvm/java-8-oracle/jre/lib/amd64/libzip.so
7f97f717e000-7f97f737e000 ---p 0001a000 08:02 19534873                   /usr/lib/jvm/java-8-oracle/jre/lib/amd64/libzip.so
7f97f737e000-7f97f737f000 r--p 0001a000 08:02 19534873                   /usr/lib/jvm/java-8-oracle/jre/lib/amd64/libzip.so
7f97f737f000-7f97f7380000 rw-p 0001b000 08:02 19534873                   /usr/lib/jvm/java-8-oracle/jre/lib/amd64/libzip.so
7f97f7380000-7f97f738b000 r-xp 00000000 08:02 27792037                   /lib/x86_64-linux-gnu/libnss_files-2.27.so
7f97f738b000-7f97f758a000 ---p 0000b000 08:02 27792037                   /lib/x86_64-linux-gnu/libnss_files-2.27.so
7f97f758a000-7f97f758b000 r--p 0000a000 08:02 27792037                   /lib/x86_64-linux-gnu/libnss_files-2.27.so
7f97f758b000-7f97f758c000 rw-p 0000b000 08:02 27792037                   /lib/x86_64-linux-gnu/libnss_files-2.27.so
7f97f758c000-7f97f7592000 rw-p 00000000 00:00 0 
7f97f7592000-7f97f75a9000 r-xp 00000000 08:02 27792031                   /lib/x86_64-linux-gnu/libnsl-2.27.so
7f97f75a9000-7f97f77a8000 ---p 00017000 08:02 27792031                   /lib/x86_64-linux-gnu/libnsl-2.27.so
7f97f77a8000-7f97f77a9000 r--p 00016000 08:02 27792031                   /lib/x86_64-linux-gnu/libnsl-2.27.so
7f97f77a9000-7f97f77aa000 rw-p 00017000 08:02 27792031                   /lib/x86_64-linux-gnu/libnsl-2.27.so
7f97f77aa000-7f97f77ac000 rw-p 00000000 00:00 0 
7f97f77ac000-7f97f77b7000 r-xp 00000000 08:02 27792048                   /lib/x86_64-linux-gnu/libnss_nis-2.27.so
7f97f77b7000-7f97f79b6000 ---p 0000b000 08:02 27792048                   /lib/x86_64-linux-gnu/libnss_nis-2.27.so
7f97f79b6000-7f97f79b7000 r--p 0000a000 08:02 27792048                   /lib/x86_64-linux-gnu/libnss_nis-2.27.so
7f97f79b7000-7f97f79b8000 rw-p 0000b000 08:02 27792048                   /lib/x86_64-linux-gnu/libnss_nis-2.27.so
7f97f79b8000-7f97f79c0000 r-xp 00000000 08:02 27792033                   /lib/x86_64-linux-gnu/libnss_compat-2.27.so
7f97f79c0000-7f97f7bc0000 ---p 00008000 08:02 27792033                   /lib/x86_64-linux-gnu/libnss_compat-2.27.so
7f97f7bc0000-7f97f7bc1000 r--p 00008000 08:02 27792033                   /lib/x86_64-linux-gnu/libnss_compat-2.27.so
7f97f7bc1000-7f97f7bc2000 rw-p 00009000 08:02 27792033                   /lib/x86_64-linux-gnu/libnss_compat-2.27.so
7f97f7bc2000-7f97f7bef000 r-xp 00000000 08:02 19534867                   /usr/lib/jvm/java-8-oracle/jre/lib/amd64/libjava.so
7f97f7bef000-7f97f7dee000 ---p 0002d000 08:02 19534867                   /usr/lib/jvm/java-8-oracle/jre/lib/amd64/libjava.so
7f97f7dee000-7f97f7def000 r--p 0002c000 08:02 19534867                   /usr/lib/jvm/java-8-oracle/jre/lib/amd64/libjava.so
7f97f7def000-7f97f7df1000 rw-p 0002d000 08:02 19534867                   /usr/lib/jvm/java-8-oracle/jre/lib/amd64/libjava.so
7f97f7df1000-7f97f7dfe000 r-xp 00000000 08:02 19534872                   /usr/lib/jvm/java-8-oracle/jre/lib/amd64/libverify.so
7f97f7dfe000-7f97f7ffd000 ---p 0000d000 08:02 19534872                   /usr/lib/jvm/java-8-oracle/jre/lib/amd64/libverify.so
7f97f7ffd000-7f97f7fff000 r--p 0000c000 08:02 19534872                   /usr/lib/jvm/java-8-oracle/jre/lib/amd64/libverify.so
7f97f7fff000-7f97f8000000 rw-p 0000e000 08:02 19534872                   /usr/lib/jvm/java-8-oracle/jre/lib/amd64/libverify.so
7f97f8000000-7f97f8cf4000 rw-p 00000000 00:00 0 
7f97f8cf4000-7f97fc000000 ---p 00000000 00:00 0 
7f97fc000000-7f97fc003000 r--s 0000a000 08:02 16651051                   /usr/share/java/maven3-artifact.jar
7f97fc003000-7f97fc00b000 r--s 0006d000 08:02 16647450                   /usr/share/java/commons-lang3.jar
7f97fc00b000-7f97fc0f1000 rw-p 00000000 00:00 0 
7f97fc0f1000-7f97fc0f8000 r-xp 00000000 08:02 27792088                   /lib/x86_64-linux-gnu/librt-2.27.so
7f97fc0f8000-7f97fc2f7000 ---p 00007000 08:02 27792088                   /lib/x86_64-linux-gnu/librt-2.27.so
7f97fc2f7000-7f97fc2f8000 r--p 00006000 08:02 27792088                   /lib/x86_64-linux-gnu/librt-2.27.so
7f97fc2f8000-7f97fc2f9000 rw-p 00007000 08:02 27792088                   /lib/x86_64-linux-gnu/librt-2.27.so
7f97fc2f9000-7f97fc496000 r-xp 00000000 08:02 27792010                   /lib/x86_64-linux-gnu/libm-2.27.so
7f97fc496000-7f97fc695000 ---p 0019d000 08:02 27792010                   /lib/x86_64-linux-gnu/libm-2.27.so
7f97fc695000-7f97fc696000 r--p 0019c000 08:02 27792010                   /lib/x86_64-linux-gnu/libm-2.27.so
7f97fc696000-7f97fc697000 rw-p 0019d000 08:02 27792010                   /lib/x86_64-linux-gnu/libm-2.27.so
7f97fc697000-7f97fd379000 r-xp 00000000 08:02 19534849                   /usr/lib/jvm/java-8-oracle/jre/lib/amd64/server/libjvm.so
7f97fd379000-7f97fd579000 ---p 00ce2000 08:02 19534849                   /usr/lib/jvm/java-8-oracle/jre/lib/amd64/server/libjvm.so
7f97fd579000-7f97fd60f000 r--p 00ce2000 08:02 19534849                   /usr/lib/jvm/java-8-oracle/jre/lib/amd64/server/libjvm.so
7f97fd60f000-7f97fd640000 rw-p 00d78000 08:02 19534849                   /usr/lib/jvm/java-8-oracle/jre/lib/amd64/server/libjvm.so
7f97fd640000-7f97fd67b000 rw-p 00000000 00:00 0 
7f97fd67b000-7f97fd862000 r-xp 00000000 08:02 27791947                   /lib/x86_64-linux-gnu/libc-2.27.so
7f97fd862000-7f97fda62000 ---p 001e7000 08:02 27791947                   /lib/x86_64-linux-gnu/libc-2.27.so
7f97fda62000-7f97fda66000 r--p 001e7000 08:02 27791947                   /lib/x86_64-linux-gnu/libc-2.27.so
7f97fda66000-7f97fda68000 rw-p 001eb000 08:02 27791947                   /lib/x86_64-linux-gnu/libc-2.27.so
7f97fda68000-7f97fda6c000 rw-p 00000000 00:00 0 
7f97fda6c000-7f97fda6f000 r-xp 00000000 08:02 27791970                   /lib/x86_64-linux-gnu/libdl-2.27.so
7f97fda6f000-7f97fdc6e000 ---p 00003000 08:02 27791970                   /lib/x86_64-linux-gnu/libdl-2.27.so
7f97fdc6e000-7f97fdc6f000 r--p 00002000 08:02 27791970                   /lib/x86_64-linux-gnu/libdl-2.27.so
7f97fdc6f000-7f97fdc70000 rw-p 00003000 08:02 27791970                   /lib/x86_64-linux-gnu/libdl-2.27.so
7f97fdc70000-7f97fdc87000 r-xp 00000000 08:02 18745311                   /usr/lib/jvm/java-8-oracle/lib/amd64/jli/libjli.so
7f97fdc87000-7f97fde86000 ---p 00017000 08:02 18745311                   /usr/lib/jvm/java-8-oracle/lib/amd64/jli/libjli.so
7f97fde86000-7f97fde87000 r--p 00016000 08:02 18745311                   /usr/lib/jvm/java-8-oracle/lib/amd64/jli/libjli.so
7f97fde87000-7f97fde88000 rw-p 00017000 08:02 18745311                   /usr/lib/jvm/java-8-oracle/lib/amd64/jli/libjli.so
7f97fde88000-7f97fdea2000 r-xp 00000000 08:02 27792080                   /lib/x86_64-linux-gnu/libpthread-2.27.so
7f97fdea2000-7f97fe0a1000 ---p 0001a000 08:02 27792080                   /lib/x86_64-linux-gnu/libpthread-2.27.so
7f97fe0a1000-7f97fe0a2000 r--p 00019000 08:02 27792080                   /lib/x86_64-linux-gnu/libpthread-2.27.so
7f97fe0a2000-7f97fe0a3000 rw-p 0001a000 08:02 27792080                   /lib/x86_64-linux-gnu/libpthread-2.27.so
7f97fe0a3000-7f97fe0a7000 rw-p 00000000 00:00 0 
7f97fe0a7000-7f97fe0ce000 r-xp 00000000 08:02 27791919                   /lib/x86_64-linux-gnu/ld-2.27.so
7f97fe0ce000-7f97fe0d0000 r--s 00008000 08:02 16651101                   /usr/share/java/maven3-settings-builder.jar
7f97fe0d0000-7f97fe0d2000 r--s 00007000 08:02 16648824                   /usr/share/java/jansi.jar
7f97fe0d2000-7f97fe0d6000 r--s 0001f000 08:02 16649847                   /usr/share/java/maven-resolver-api.jar
7f97fe0d6000-7f97fe0d8000 r--s 00006000 08:02 16650926                   /usr/share/java/plexus-sec-dispatcher.jar
7f97fe0d8000-7f97fe1b0000 rw-p 00000000 00:00 0 
7f97fe1b0000-7f97fe1b1000 ---p 00000000 00:00 0 
7f97fe1b1000-7f97fe1b4000 ---p 00000000 00:00 0 
7f97fe1b4000-7f97fe2b5000 rw-p 00000000 00:00 0 
7f97fe2b5000-7f97fe2b8000 r--s 00027000 08:02 16651097                   /usr/share/java/maven3-model.jar
7f97fe2b8000-7f97fe2ba000 r--s 00006000 08:02 16650121                   /usr/share/java/maven-resolver-spi.jar
7f97fe2ba000-7f97fe2bb000 r--s 00001000 08:02 16651231                   /usr/share/java/wagon-file.jar
7f97fe2bb000-7f97fe2c2000 r--s 00042000 08:02 16651064                   /usr/share/java/maven3-compat.jar
7f97fe2c2000-7f97fe2c4000 r--s 0000b000 08:02 16650626                   /usr/share/java/plexus-classworlds.jar
7f97fe2c4000-7f97fe2cc000 rw-s 00000000 08:02 13501612                   /tmp/hsperfdata_maike/15858
7f97fe2cc000-7f97fe2cd000 rw-p 00000000 00:00 0 
7f97fe2cd000-7f97fe2ce000 ---p 00000000 00:00 0 
7f97fe2ce000-7f97fe2cf000 r--p 00027000 08:02 27791919                   /lib/x86_64-linux-gnu/ld-2.27.so
7f97fe2cf000-7f97fe2d0000 rw-p 00028000 08:02 27791919                   /lib/x86_64-linux-gnu/ld-2.27.so
7f97fe2d0000-7f97fe2d1000 rw-p 00000000 00:00 0 
7fffb6e3e000-7fffb6e5f000 rw-p 00000000 00:00 0                          [stack]
7fffb6e75000-7fffb6e78000 r--p 00000000 00:00 0                          [vvar]
7fffb6e78000-7fffb6e7a000 r-xp 00000000 00:00 0                          [vdso]
ffffffffff600000-ffffffffff601000 r-xp 00000000 00:00 0                  [vsyscall]

VM Arguments:
jvm_args: -Dclassworlds.conf=/usr/share/maven/bin/m2.conf -Dmaven.home=/usr/share/maven -Dlibrary.jansi.path=/usr/share/maven/lib/jansi-native -Dmaven.multiModuleProjectDirectory=/home/maike/modulogit/CineManager 
java_command: org.codehaus.plexus.classworlds.launcher.Launcher sonar:sonar -X
java_class_path (initial): /usr/share/maven/boot/plexus-classworlds-2.x.jar
Launcher Type: SUN_STANDARD

Environment Variables:
JAVA_HOME=/usr/lib/jvm/java-8-oracle
PATH=/usr/local/sbin:/usr/local/bin:/usr/sbin:/usr/bin:/sbin:/bin:/usr/games:/usr/local/games:/usr/lib/jvm/java-8-oracle/bin:/usr/lib/jvm/java-8-oracle/db/bin:/usr/lib/jvm/java-8-oracle/jre/bin
SHELL=/bin/bash
DISPLAY=:0

Signal Handlers:
SIGSEGV: [libjvm.so+0xaced60], sa_mask[0]=11111111011111111101111111111110, sa_flags=SA_RESTART|SA_SIGINFO
SIGBUS: [libjvm.so+0xaced60], sa_mask[0]=11111111011111111101111111111110, sa_flags=SA_RESTART|SA_SIGINFO
SIGFPE: [libjvm.so+0x907ca0], sa_mask[0]=11111111011111111101111111111110, sa_flags=SA_RESTART|SA_SIGINFO
SIGPIPE: [libjvm.so+0x907ca0], sa_mask[0]=11111111011111111101111111111110, sa_flags=SA_RESTART|SA_SIGINFO
SIGXFSZ: [libjvm.so+0x907ca0], sa_mask[0]=11111111011111111101111111111110, sa_flags=SA_RESTART|SA_SIGINFO
SIGILL: [libjvm.so+0x907ca0], sa_mask[0]=11111111011111111101111111111110, sa_flags=SA_RESTART|SA_SIGINFO
SIGUSR1: SIG_DFL, sa_mask[0]=00000000000000000000000000000000, sa_flags=none
SIGUSR2: [libjvm.so+0x907b70], sa_mask[0]=00000000000000000000000000000000, sa_flags=SA_RESTART|SA_SIGINFO
SIGHUP: [libjvm.so+0x908190], sa_mask[0]=11111111011111111101111111111110, sa_flags=SA_RESTART|SA_SIGINFO
SIGINT: [libjvm.so+0x908190], sa_mask[0]=11111111011111111101111111111110, sa_flags=SA_RESTART|SA_SIGINFO
SIGTERM: [libjvm.so+0x908190], sa_mask[0]=11111111011111111101111111111110, sa_flags=SA_RESTART|SA_SIGINFO
SIGQUIT: [libjvm.so+0x908190], sa_mask[0]=11111111011111111101111111111110, sa_flags=SA_RESTART|SA_SIGINFO


---------------  S Y S T E M  ---------------

OS:DISTRIB_ID=LinuxMint
DISTRIB_RELEASE=19
DISTRIB_CODENAME=tara
DISTRIB_DESCRIPTION="Linux Mint 19 Tara"

uname:Linux 4.15.0-38-generic #41-Ubuntu SMP Wed Oct 10 10:59:38 UTC 2018 x86_64
libc:glibc 2.27 NPTL 2.27 
rlimit: STACK 8192k, CORE 0k, NPROC 14406, NOFILE 4096, AS infinity
load average:5,04 6,66 5,84

/proc/meminfo:
MemTotal:        3943320 kB
MemFree:          114904 kB
MemAvailable:      22536 kB
Buffers:            1684 kB
Cached:           143428 kB
SwapCached:         7800 kB
Active:          1854928 kB
Inactive:         476860 kB
Active(anon):    1844460 kB
Inactive(anon):   461116 kB
Active(file):      10468 kB
Inactive(file):    15744 kB
Unevictable:     1273552 kB
Mlocked:         1273552 kB
SwapTotal:       2097148 kB
SwapFree:             96 kB
Dirty:               280 kB
Writeback:           464 kB
AnonPages:       3455120 kB
Mapped:            54672 kB
Shmem:             92996 kB
Slab:              83376 kB
SReclaimable:      35984 kB
SUnreclaim:        47392 kB
KernelStack:       14256 kB
PageTables:        51892 kB
NFS_Unstable:          0 kB
Bounce:                0 kB
WritebackTmp:          0 kB
CommitLimit:     4068808 kB
Committed_AS:    9886624 kB
VmallocTotal:   34359738367 kB
VmallocUsed:           0 kB
VmallocChunk:          0 kB
HardwareCorrupted:     0 kB
AnonHugePages:         0 kB
ShmemHugePages:        0 kB
ShmemPmdMapped:        0 kB
CmaTotal:              0 kB
CmaFree:               0 kB
HugePages_Total:       0
HugePages_Free:        0
HugePages_Rsvd:        0
HugePages_Surp:        0
Hugepagesize:       2048 kB
DirectMap4k:      205200 kB
DirectMap2M:     2844672 kB
DirectMap1G:     1048576 kB

container (cgroup) information:
container_type: cgroupv1
cpu_cpuset_cpus: 0-3
cpu_memory_nodes: 0
active_processor_count: 4
cpu_quota: -1
cpu_period: 100000
cpu_shares: -1
memory_limit_in_bytes: -1
memory_and_swap_limit_in_bytes: -2
memory_soft_limit_in_bytes: -1
memory_usage_in_bytes: 3688251392
memory_max_usage_in_bytes: 0


CPU:total 4 (initial active 4) (2 cores per cpu, 2 threads per core) family 6 model 78 stepping 3, cmov, cx8, fxsr, mmx, sse, sse2, sse3, ssse3, sse4.1, sse4.2, popcnt, avx, avx2, aes, clmul, erms, rtm, 3dnowpref, lzcnt, ht, tsc, tscinvbit, bmi1, bmi2, adx

/proc/cpuinfo:
processor	: 0
vendor_id	: GenuineIntel
cpu family	: 6
model		: 78
model name	: Intel(R) Core(TM) i3-6100U CPU @ 2.30GHz
stepping	: 3
microcode	: 0xc6
cpu MHz		: 497.520
cache size	: 3072 KB
physical id	: 0
siblings	: 4
core id		: 0
cpu cores	: 2
apicid		: 0
initial apicid	: 0
fpu		: yes
fpu_exception	: yes
cpuid level	: 22
wp		: yes
flags		: fpu vme de pse tsc msr pae mce cx8 apic sep mtrr pge mca cmov pat pse36 clflush dts acpi mmx fxsr sse sse2 ss ht tm pbe syscall nx pdpe1gb rdtscp lm constant_tsc art arch_perfmon pebs bts rep_good nopl xtopology nonstop_tsc cpuid aperfmperf tsc_known_freq pni pclmulqdq dtes64 monitor ds_cpl vmx est tm2 ssse3 sdbg fma cx16 xtpr pdcm pcid sse4_1 sse4_2 x2apic movbe popcnt tsc_deadline_timer aes xsave avx f16c rdrand lahf_lm abm 3dnowprefetch cpuid_fault invpcid_single pti ssbd ibrs ibpb stibp tpr_shadow vnmi flexpriority ept vpid fsgsbase tsc_adjust bmi1 hle avx2 smep bmi2 erms invpcid rtm mpx rdseed adx smap clflushopt intel_pt xsaveopt xsavec xgetbv1 xsaves dtherm ida arat pln pts hwp hwp_notify hwp_act_window hwp_epp flush_l1d
bugs		: cpu_meltdown spectre_v1 spectre_v2 spec_store_bypass l1tf
bogomips	: 4608.00
clflush size	: 64
cache_alignment	: 64
address sizes	: 39 bits physical, 48 bits virtual
power management:

processor	: 1
vendor_id	: GenuineIntel
cpu family	: 6
model		: 78
model name	: Intel(R) Core(TM) i3-6100U CPU @ 2.30GHz
stepping	: 3
microcode	: 0xc6
cpu MHz		: 500.028
cache size	: 3072 KB
physical id	: 0
siblings	: 4
core id		: 1
cpu cores	: 2
apicid		: 2
initial apicid	: 2
fpu		: yes
fpu_exception	: yes
cpuid level	: 22
wp		: yes
flags		: fpu vme de pse tsc msr pae mce cx8 apic sep mtrr pge mca cmov pat pse36 clflush dts acpi mmx fxsr sse sse2 ss ht tm pbe syscall nx pdpe1gb rdtscp lm constant_tsc art arch_perfmon pebs bts rep_good nopl xtopology nonstop_tsc cpuid aperfmperf tsc_known_freq pni pclmulqdq dtes64 monitor ds_cpl vmx est tm2 ssse3 sdbg fma cx16 xtpr pdcm pcid sse4_1 sse4_2 x2apic movbe popcnt tsc_deadline_timer aes xsave avx f16c rdrand lahf_lm abm 3dnowprefetch cpuid_fault invpcid_single pti ssbd ibrs ibpb stibp tpr_shadow vnmi flexpriority ept vpid fsgsbase tsc_adjust bmi1 hle avx2 smep bmi2 erms invpcid rtm mpx rdseed adx smap clflushopt intel_pt xsaveopt xsavec xgetbv1 xsaves dtherm ida arat pln pts hwp hwp_notify hwp_act_window hwp_epp flush_l1d
bugs		: cpu_meltdown spectre_v1 spectre_v2 spec_store_bypass l1tf
bogomips	: 4608.00
clflush size	: 64
cache_alignment	: 64
address sizes	: 39 bits physical, 48 bits virtual
power management:

processor	: 2
vendor_id	: GenuineIntel
cpu family	: 6
model		: 78
model name	: Intel(R) Core(TM) i3-6100U CPU @ 2.30GHz
stepping	: 3
microcode	: 0xc6
cpu MHz		: 500.197
cache size	: 3072 KB
physical id	: 0
siblings	: 4
core id		: 0
cpu cores	: 2
apicid		: 1
initial apicid	: 1
fpu		: yes
fpu_exception	: yes
cpuid level	: 22
wp		: yes
flags		: fpu vme de pse tsc msr pae mce cx8 apic sep mtrr pge mca cmov pat pse36 clflush dts acpi mmx fxsr sse sse2 ss ht tm pbe syscall nx pdpe1gb rdtscp lm constant_tsc art arch_perfmon pebs bts rep_good nopl xtopology nonstop_tsc cpuid aperfmperf tsc_known_freq pni pclmulqdq dtes64 monitor ds_cpl vmx est tm2 ssse3 sdbg fma cx16 xtpr pdcm pcid sse4_1 sse4_2 x2apic movbe popcnt tsc_deadline_timer aes xsave avx f16c rdrand lahf_lm abm 3dnowprefetch cpuid_fault invpcid_single pti ssbd ibrs ibpb stibp tpr_shadow vnmi flexpriority ept vpid fsgsbase tsc_adjust bmi1 hle avx2 smep bmi2 erms invpcid rtm mpx rdseed adx smap clflushopt intel_pt xsaveopt xsavec xgetbv1 xsaves dtherm ida arat pln pts hwp hwp_notify hwp_act_window hwp_epp flush_l1d
bugs		: cpu_meltdown spectre_v1 spectre_v2 spec_store_bypass l1tf
bogomips	: 4608.00
clflush size	: 64
cache_alignment	: 64
address sizes	: 39 bits physical, 48 bits virtual
power management:

processor	: 3
vendor_id	: GenuineIntel
cpu family	: 6
model		: 78
model name	: Intel(R) Core(TM) i3-6100U CPU @ 2.30GHz
stepping	: 3
microcode	: 0xc6
cpu MHz		: 500.040
cache size	: 3072 KB
physical id	: 0
siblings	: 4
core id		: 1
cpu cores	: 2
apicid		: 3
initial apicid	: 3
fpu		: yes
fpu_exception	: yes
cpuid level	: 22
wp		: yes
flags		: fpu vme de pse tsc msr pae mce cx8 apic sep mtrr pge mca cmov pat pse36 clflush dts acpi mmx fxsr sse sse2 ss ht tm pbe syscall nx pdpe1gb rdtscp lm constant_tsc art arch_perfmon pebs bts rep_good nopl xtopology nonstop_tsc cpuid aperfmperf tsc_known_freq pni pclmulqdq dtes64 monitor ds_cpl vmx est tm2 ssse3 sdbg fma cx16 xtpr pdcm pcid sse4_1 sse4_2 x2apic movbe popcnt tsc_deadline_timer aes xsave avx f16c rdrand lahf_lm abm 3dnowprefetch cpuid_fault invpcid_single pti ssbd ibrs ibpb stibp tpr_shadow vnmi flexpriority ept vpid fsgsbase tsc_adjust bmi1 hle avx2 smep bmi2 erms invpcid rtm mpx rdseed adx smap clflushopt intel_pt xsaveopt xsavec xgetbv1 xsaves dtherm ida arat pln pts hwp hwp_notify hwp_act_window hwp_epp flush_l1d
bugs		: cpu_meltdown spectre_v1 spectre_v2 spec_store_bypass l1tf
bogomips	: 4608.00
clflush size	: 64
cache_alignment	: 64
address sizes	: 39 bits physical, 48 bits virtual
power management:



Memory: 4k page, physical 3943320k(114904k free), swap 2097148k(96k free)

vm_info: Java HotSpot(TM) 64-Bit Server VM (25.191-b12) for linux-amd64 JRE (1.8.0_191-b12), built on Oct  6 2018 05:43:09 by "java_re" with gcc 7.3.0

time: Tue Nov 13 23:47:32 2018
elapsed time: 54 seconds (0d 0h 0m 54s)

